#-----------------------------------------------------------
# PlanAhead v14.7
# Build 321239 by xbuild on Fri Sep 27 19:31:35 MDT 2013
# Start of session at: Sun Nov 21 18:27:36 2021
# Process ID: 6836
# Log file: C:/Users/beaut/Desktop/flie/LAB7/planAhead_run_1/planAhead.log
# Journal file: C:/Users/beaut/Desktop/flie/LAB7/planAhead_run_1/planAhead.jou
#-----------------------------------------------------------
INFO: [Common 17-78] Attempting to get a license: PlanAhead
INFO: [Common 17-290] Got license for PlanAhead
INFO: [Device 21-36] Loading parts and site information from C:/Xilinx/14.7/ISE_DS/PlanAhead/data/parts/arch.xml
Parsing RTL primitives file [C:/Xilinx/14.7/ISE_DS/PlanAhead/data/parts/xilinx/rtl/prims/rtl_prims.xml]
Finished parsing RTL primitives file [C:/Xilinx/14.7/ISE_DS/PlanAhead/data/parts/xilinx/rtl/prims/rtl_prims.xml]
start_gui
source C:/Users/beaut/Desktop/flie/LAB7/pa.fromHdl.tcl
# create_project -name LAB7 -dir "C:/Users/beaut/Desktop/flie/LAB7/planAhead_run_1" -part xc6slx9tqg144-3
# set_param project.pinAheadLayout yes
# set srcset [get_property srcset [current_run -impl]]
# set_property target_constrs_file "ALU.ucf" [current_fileset -constrset]
Adding file 'C:/Users/beaut/Desktop/flie/LAB7/ALU.ucf' to fileset 'constrs_1'
# set hdlfile [add_files [list {SecondCounter.vf}]]
# set_property file_type Verilog $hdlfile
# set_property library work $hdlfile
# set hdlfile [add_files [list {MinuteCounter.vf}]]
# set_property file_type Verilog $hdlfile
# set_property library work $hdlfile
# set hdlfile [add_files [list {DIV10Hz.vf}]]
# set_property file_type Verilog $hdlfile
# set_property library work $hdlfile
# set hdlfile [add_files [list {MUX4_TO_1.vf}]]
# set_property file_type Verilog $hdlfile
# set_property library work $hdlfile
# set hdlfile [add_files [list {DIV200Hz.vf}]]
# set_property file_type Verilog $hdlfile
# set_property library work $hdlfile
# set hdlfile [add_files [list {DIV100KHz.vf}]]
# set_property file_type Verilog $hdlfile
# set_property library work $hdlfile
# set hdlfile [add_files [list {Clock_MMSS.vf}]]
# set_property file_type Verilog $hdlfile
# set_property library work $hdlfile
# set hdlfile [add_files [list {BCD_TO_7SEG.vf}]]
# set_property file_type Verilog $hdlfile
# set_property library work $hdlfile
# set hdlfile [add_files [list {ALU.vf}]]
# set_property file_type Verilog $hdlfile
# set_property library work $hdlfile
# set_property top ALU $srcset
# add_files [list {ALU.ucf}] -fileset [get_property constrset [current_run]]
# open_rtl_design -part xc6slx9tqg144-3
Using Verific elaboration
Parsing VHDL file "C:/Xilinx/14.7/ISE_DS/PlanAhead/data/parts/xilinx/rtl/lib/synplify/synattr.vhd" into library synplify
Analyzing Verilog file "C:/Users/beaut/Desktop/flie/LAB7/ALU.vf" into library work
Loading clock regions from C:/Xilinx/14.7/ISE_DS/PlanAhead/data\parts/xilinx/spartan6/spartan6lx/xc6slx9/ClockRegion.xml
Loading clock buffers from C:/Xilinx/14.7/ISE_DS/PlanAhead/data\parts/xilinx/spartan6/spartan6lx/xc6slx9/ClockBuffers.xml
Loading package pin functions from C:/Xilinx/14.7/ISE_DS/PlanAhead/data\parts/xilinx/spartan6/PinFunctions.xml...
Loading package from C:/Xilinx/14.7/ISE_DS/PlanAhead/data\parts/xilinx/spartan6/spartan6lx/xc6slx9/tqg144/Package.xml
Loading io standards from C:/Xilinx/14.7/ISE_DS/PlanAhead/data\./parts/xilinx/spartan6/IOStandards.xml
Loading device configuration modes from C:/Xilinx/14.7/ISE_DS/PlanAhead/data\parts/xilinx/spartan6/ConfigModes.xml
Loading list of drcs for the architecture : C:/Xilinx/14.7/ISE_DS/PlanAhead/data\./parts/xilinx/spartan6/drc.xml
Parsing UCF File [C:/Users/beaut/Desktop/flie/LAB7/ALU.ucf]
Finished Parsing UCF File [C:/Users/beaut/Desktop/flie/LAB7/ALU.ucf]
INFO: [Project 1-111] Unisim Transformation Summary:
No Unisim elements were transformed.

Phase 0 | Netlist Checksum: 609c6f7c
open_rtl_design: Time (s): elapsed = 00:00:08 . Memory (MB): peak = 590.859 ; gain = 117.277
update_compile_order -fileset sim_1
startgroup
set_property package_pin P26 [get_ports {SEG[0]}]
endgroup
startgroup
set_property package_pin P40 [get_ports {SEG[1]}]
endgroup
startgroup
set_property package_pin P41 [get_ports {SEG[0]}]
endgroup
startgroup
set_property package_pin P35 [get_ports {SEG[2]}]
endgroup
startgroup
set_property package_pin P34 [get_ports {SEG[3]}]
endgroup
startgroup
set_property package_pin P32 [get_ports {SEG[4]}]
endgroup
startgroup
set_property package_pin P29 [get_ports {SEG[5]}]
endgroup
startgroup
set_property package_pin P27 [get_ports {SEG[6]}]
endgroup
startgroup
set_property package_pin P32 [get_ports {SEG[4]}]
endgroup
startgroup
set_property package_pin P44 [get_ports COM0]
endgroup
startgroup
set_property package_pin P43 [get_ports COM1]
endgroup
startgroup
set_property package_pin P33 [get_ports COM2]
endgroup
startgroup
set_property package_pin P30 [get_ports COM3]
endgroup
startgroup
set_property package_pin P123 [get_ports OSC]
endgroup
startgroup
set_property package_pin P46 [get_ports Reset]
endgroup
startgroup
set_property package_pin P45 [get_ports SW]
endgroup
save_constraints
update_compile_order -fileset sources_1
update_compile_order -fileset sources_1
exit
ERROR: [PlanAhead 12-106] *** Exception: ui.h.b: Found deleted key in HTclEventBroker. Verify if the classes listed here call cleanup()
HTclEvent: DEBUG_PORT_CONFIG_CHANGE   Classes: ui.views.aR 
HTclEvent: DEBUG_CORE_CONFIG_CHANGE   Classes: ui.views.aR 
HTclEvent: SIGNAL_BUS_MODIFY   Classes: ui.views.aR 
HTclEvent: SIGNAL_MODIFY   Classes: ui.views.aR 
 (See C:/Users/beaut/Desktop/flie/LAB7\planAhead_pid6836.debug)
ERROR: [Common 17-39] 'stop_gui' failed due to earlier errors.
INFO: [Common 17-206] Exiting PlanAhead at Sun Nov 21 19:56:20 2021...
INFO: [Common 17-83] Releasing license: PlanAhead
