--------------------------------------------------------------------------------
Release 14.7 Trace  (nt64)
Copyright (c) 1995-2013 Xilinx, Inc.  All rights reserved.

C:\Xilinx\14.7\ISE_DS\ISE\bin\nt64\unwrapped\trce.exe -intstyle ise -v 3 -s 3
-n 3 -fastpaths -xml lab4.twx lab4.ncd -o lab4.twr lab4.pcf -ucf lab4.ucf

Design file:              lab4.ncd
Physical constraint file: lab4.pcf
Device,package,speed:     xc6slx9,tqg144,C,-3 (PRODUCTION 1.23 2013-10-13)
Report level:             verbose report

Environment Variable      Effect 
--------------------      ------ 
NONE                      No environment variables were set
--------------------------------------------------------------------------------

INFO:Timing:2698 - No timing constraints found, doing default enumeration.
INFO:Timing:3412 - To improve timing, see the Timing Closure User Guide (UG612).
INFO:Timing:2752 - To get complete path coverage, use the unconstrained paths 
   option. All paths that are not constrained will be reported in the 
   unconstrained paths section(s) of the report.
INFO:Timing:3339 - The clock-to-out numbers in this timing report are based on 
   a 50 Ohm transmission line loading model.  For the details of this model, 
   and for more information on accounting for different loading conditions, 
   please see the device datasheet.



Data Sheet report:
-----------------
All values displayed in nanoseconds (ns)

Pad to Pad
---------------+---------------+---------+
Source Pad     |Destination Pad|  Delay  |
---------------+---------------+---------+
B_SW2_P61      |Buzzer_P83     |    8.694|
B_SW2_P61      |LED0_P82       |    8.911|
D_SW1_P62      |Buzzer_P83     |    9.031|
D_SW1_P62      |LED0_P82       |    9.207|
E_SW0_P66      |Buzzer_P83     |    8.749|
E_SW0_P66      |LED0_P82       |    8.925|
H_SW4_P58      |Buzzer_P83     |    8.033|
H_SW4_P58      |LED0_P82       |    8.320|
S_SW3_P59      |Buzzer_P83     |    8.347|
S_SW3_P59      |LED0_P82       |    8.523|
---------------+---------------+---------+


Analysis completed Mon Sep 12 15:30:25 2022 
--------------------------------------------------------------------------------

Trace Settings:
-------------------------
Trace Settings 

Peak Memory Usage: 4570 MB



