Release 14.7 Map P.20131013 (nt64)
Xilinx Mapping Report File for Design 'lab8Adder'

Design Information
------------------
Command Line   : map -intstyle ise -p xc6slx9-tqg144-3 -w -logic_opt off -ol
high -t 1 -xt 0 -register_duplication off -r 4 -global_opt off -mt off -ir off
-pr off -lc off -power off -o lab8Adder_map.ncd lab8Adder.ngd lab8Adder.pcf 
Target Device  : xc6slx9
Target Package : tqg144
Target Speed   : -3
Mapper Version : spartan6 -- $Revision: 1.55 $
Mapped Date    : Wed Oct 26 15:32:12 2022

Design Summary
--------------
Number of errors:      0
Number of warnings:    0
Slice Logic Utilization:
  Number of Slice Registers:                     2 out of  11,440    1%
    Number used as Flip Flops:                   2
    Number used as Latches:                      0
    Number used as Latch-thrus:                  0
    Number used as AND/OR logics:                0
  Number of Slice LUTs:                         26 out of   5,720    1%
    Number used as logic:                       26 out of   5,720    1%
      Number using O6 output only:              21
      Number using O5 output only:               0
      Number using O5 and O6:                    5
      Number used as ROM:                        0
    Number used as Memory:                       0 out of   1,440    0%

Slice Logic Distribution:
  Number of occupied Slices:                    16 out of   1,430    1%
  Number of MUXCYs used:                         0 out of   2,860    0%
  Number of LUT Flip Flop pairs used:           26
    Number with an unused Flip Flop:            24 out of      26   92%
    Number with an unused LUT:                   0 out of      26    0%
    Number of fully used LUT-FF pairs:           2 out of      26    7%
    Number of unique control sets:               1
    Number of slice register sites lost
      to control set restrictions:               6 out of  11,440    1%

  A LUT Flip Flop pair for this architecture represents one LUT paired with
  one Flip Flop within a slice.  A control set is a unique combination of
  clock, reset, set, and enable signals for a registered element.
  The Slice Logic Distribution report is not meaningful if the design is
  over-mapped for a non-slice resource or if Placement fails.

IO Utilization:
  Number of bonded IOBs:                        29 out of     102   28%
    Number of LOCed IOBs:                       29 out of      29  100%

Specific Feature Utilization:
  Number of RAMB16BWERs:                         0 out of      32    0%
  Number of RAMB8BWERs:                          0 out of      64    0%
  Number of BUFIO2/BUFIO2_2CLKs:                 0 out of      32    0%
  Number of BUFIO2FB/BUFIO2FB_2CLKs:             0 out of      32    0%
  Number of BUFG/BUFGMUXs:                       1 out of      16    6%
    Number used as BUFGs:                        1
    Number used as BUFGMUX:                      0
  Number of DCM/DCM_CLKGENs:                     0 out of       4    0%
  Number of ILOGIC2/ISERDES2s:                   0 out of     200    0%
  Number of IODELAY2/IODRP2/IODRP2_MCBs:         0 out of     200    0%
  Number of OLOGIC2/OSERDES2s:                   0 out of     200    0%
  Number of BSCANs:                              0 out of       4    0%
  Number of BUFHs:                               0 out of     128    0%
  Number of BUFPLLs:                             0 out of       8    0%
  Number of BUFPLL_MCBs:                         0 out of       4    0%
  Number of DSP48A1s:                            0 out of      16    0%
  Number of ICAPs:                               0 out of       1    0%
  Number of MCBs:                                0 out of       2    0%
  Number of PCILOGICSEs:                         0 out of       2    0%
  Number of PLL_ADVs:                            0 out of       2    0%
  Number of PMVs:                                0 out of       1    0%
  Number of STARTUPs:                            0 out of       1    0%
  Number of SUSPEND_SYNCs:                       0 out of       1    0%

Average Fanout of Non-Clock Nets:                2.38

Peak Memory Usage:  4495 MB
Total REAL time to MAP completion:  4 secs 
Total CPU time to MAP completion:   1 secs 

Table of Contents
-----------------
Section 1 - Errors
Section 2 - Warnings
Section 3 - Informational
Section 4 - Removed Logic Summary
Section 5 - Removed Logic
Section 6 - IOB Properties
Section 7 - RPMs
Section 8 - Guide Report
Section 9 - Area Group and Partition Summary
Section 10 - Timing Report
Section 11 - Configuration String Information
Section 12 - Control Set Information
Section 13 - Utilization by Hierarchy

Section 1 - Errors
------------------

Section 2 - Warnings
--------------------

Section 3 - Informational
-------------------------
INFO:MapLib:562 - No environment variables are currently set.
INFO:LIT:244 - All of the single ended outputs in this design are using slew
   rate limited output drivers. The delay on speed critical single ended outputs
   can be dramatically reduced by designating them as fast outputs.
INFO:Pack:1716 - Initializing temperature to 85.000 Celsius. (default - Range:
   0.000 to 85.000 Celsius)
INFO:Pack:1720 - Initializing voltage to 1.140 Volts. (default - Range: 1.140 to
   1.260 Volts)
INFO:Map:215 - The Interim Design Summary has been generated in the MAP Report
   (.mrp).
INFO:Pack:1650 - Map created a placed design.

Section 4 - Removed Logic Summary
---------------------------------
   1 block(s) removed
  18 block(s) optimized away
   1 signal(s) removed

Section 5 - Removed Logic
-------------------------

The trimmed logic reported below is either:
   1. part of a cycle
   2. part of disabled logic
   3. a side-effect of other trimmed logic

The signal "XLXI_3/XLXI_2/XLXN_29" is unused and has been removed.
 Unused block "XLXI_3/XLXI_2/XLXI_28" (BUF) removed.

Optimized Block(s):
TYPE 		BLOCK
GND 		XLXI_13
VCC 		XLXI_20
INV 		XLXI_3/XLXI_1/XLXI_26
OR2 		XLXI_3/XLXI_2/XLXI_15
OR2 		XLXI_3/XLXI_2/XLXI_16
OR2 		XLXI_3/XLXI_2/XLXI_17
AND3 		XLXI_3/XLXI_2/XLXI_19
AND3 		XLXI_3/XLXI_2/XLXI_20
AND3 		XLXI_3/XLXI_2/XLXI_21
AND3 		XLXI_3/XLXI_2/XLXI_22
AND3 		XLXI_3/XLXI_2/XLXI_23
AND3 		XLXI_3/XLXI_2/XLXI_24
AND3 		XLXI_3/XLXI_2/XLXI_25
INV 		XLXI_3/XLXI_2/XLXI_26
AND3 		XLXI_3/XLXI_3/XLXI_21
AND3 		XLXI_3/XLXI_3/XLXI_23
AND3 		XLXI_3/XLXI_3/XLXI_25
INV 		XLXI_3/XLXI_3/XLXI_26

To enable printing of redundant blocks removed and signals merged, set the
detailed map report option and rerun map.

Section 6 - IOB Properties
--------------------------

+---------------------------------------------------------------------------------------------------------------------------------------------------------+
| IOB Name                           | Type             | Direction | IO Standard          | Diff  | Drive    | Slew | Reg (s)      | Resistor | IOB      |
|                                    |                  |           |                      | Term  | Strength | Rate |              |          | Delay    |
+---------------------------------------------------------------------------------------------------------------------------------------------------------+
| BUZZER_P83                         | IOB              | OUTPUT    | LVCMOS25             |       | 12       | SLOW |              |          |          |
| CM0_P44                            | IOB              | OUTPUT    | LVCMOS25             |       | 12       | SLOW |              |          |          |
| CM1_P43                            | IOB              | OUTPUT    | LVCMOS25             |       | 12       | SLOW |              |          |          |
| CM2_P33                            | IOB              | OUTPUT    | LVCMOS25             |       | 12       | SLOW |              |          |          |
| CM3_P30                            | IOB              | OUTPUT    | LVCMOS25             |       | 12       | SLOW |              |          |          |
| DIP1_P112                          | IOB              | INPUT     | LVCMOS25             |       |          |      |              |          |          |
| DIP2_P111                          | IOB              | INPUT     | LVCMOS25             |       |          |      |              |          |          |
| DIP3_P105                          | IOB              | INPUT     | LVCMOS25             |       |          |      |              |          |          |
| DIP4_P104                          | IOB              | INPUT     | LVCMOS25             |       |          |      |              |          |          |
| DIP5_P102                          | IOB              | INPUT     | LVCMOS25             |       |          |      |              |          |          |
| DIP6_P101                          | IOB              | INPUT     | LVCMOS25             |       |          |      |              |          |          |
| DIP7_P100                          | IOB              | INPUT     | LVCMOS25             |       |          |      |              |          |          |
| DIP8_P99                           | IOB              | INPUT     | LVCMOS25             |       |          |      |              |          |          |
| OSC_P123                           | IOB              | INPUT     | LVCMOS25             |       |          |      |              |          |          |
| SW0_P66                            | IOB              | INPUT     | LVCMOS25             |       |          |      |              |          |          |
| SW1_P62                            | IOB              | INPUT     | LVCMOS25             |       |          |      |              |          |          |
| SW2_P61                            | IOB              | INPUT     | LVCMOS25             |       |          |      |              |          |          |
| SW3_P59                            | IOB              | INPUT     | LVCMOS25             |       |          |      |              |          |          |
| SW4_P58                            | IOB              | INPUT     | LVCMOS25             |       |          |      |              |          |          |
| SW5_P57                            | IOB              | INPUT     | LVCMOS25             |       |          |      |              |          |          |
| SW6_P56                            | IOB              | INPUT     | LVCMOS25             |       |          |      |              |          |          |
| SW7_P55                            | IOB              | INPUT     | LVCMOS25             |       |          |      |              |          |          |
| a_P41                              | IOB              | OUTPUT    | LVCMOS25             |       | 12       | SLOW |              |          |          |
| b_P40                              | IOB              | OUTPUT    | LVCMOS25             |       | 12       | SLOW |              |          |          |
| c_P35                              | IOB              | OUTPUT    | LVCMOS25             |       | 12       | SLOW |              |          |          |
| d_P34                              | IOB              | OUTPUT    | LVCMOS25             |       | 12       | SLOW |              |          |          |
| e__P32                             | IOB              | OUTPUT    | LVCMOS25             |       | 12       | SLOW |              |          |          |
| f_P29                              | IOB              | OUTPUT    | LVCMOS25             |       | 12       | SLOW |              |          |          |
| g_P27                              | IOB              | OUTPUT    | LVCMOS25             |       | 12       | SLOW |              |          |          |
+---------------------------------------------------------------------------------------------------------------------------------------------------------+

Section 7 - RPMs
----------------

Section 8 - Guide Report
------------------------
Guide not run on this design.

Section 9 - Area Group and Partition Summary
--------------------------------------------

Partition Implementation Status
-------------------------------

  No Partitions were found in this design.

-------------------------------

Area Group Information
----------------------

  No area groups were found in this design.

----------------------

Section 10 - Timing Report
--------------------------
A logic-level (pre-route) timing report can be generated by using Xilinx static
timing analysis tools, Timing Analyzer (GUI) or TRCE (command line), with the
mapped NCD and PCF files. Please note that this timing report will be generated
using estimated delay information. For accurate numbers, please generate a
timing report with the post Place and Route NCD file.

For more information about the Timing Analyzer, consult the Xilinx Timing
Analyzer Reference Manual; for more information about TRCE, consult the Xilinx
Command Line Tools User Guide "TRACE" chapter.

Section 11 - Configuration String Details
-----------------------------------------
Use the "-detail" map option to print out Configuration Strings

Section 12 - Control Set Information
------------------------------------
Use the "-detail" map option to print out Control Set Information.

Section 13 - Utilization by Hierarchy
-------------------------------------
Use the "-detail" map option to print out the Utilization by Hierarchy section.
