--------------------------------------------------------------------------------
Release 14.7 Trace  (nt64)
Copyright (c) 1995-2013 Xilinx, Inc.  All rights reserved.

C:\Xilinx\14.7\ISE_DS\ISE\bin\nt64\unwrapped\trce.exe -intstyle ise -v 3 -s 3
-n 3 -fastpaths -xml lab8Adder.twx lab8Adder.ncd -o lab8Adder.twr lab8Adder.pcf
-ucf lab8Adder.ucf

Design file:              lab8Adder.ncd
Physical constraint file: lab8Adder.pcf
Device,package,speed:     xc6slx9,tqg144,C,-3 (PRODUCTION 1.23 2013-10-13)
Report level:             verbose report

Environment Variable      Effect 
--------------------      ------ 
NONE                      No environment variables were set
--------------------------------------------------------------------------------

INFO:Timing:2698 - No timing constraints found, doing default enumeration.
INFO:Timing:3412 - To improve timing, see the Timing Closure User Guide (UG612).
INFO:Timing:2752 - To get complete path coverage, use the unconstrained paths 
   option. All paths that are not constrained will be reported in the 
   unconstrained paths section(s) of the report.
INFO:Timing:3339 - The clock-to-out numbers in this timing report are based on 
   a 50 Ohm transmission line loading model.  For the details of this model, 
   and for more information on accounting for different loading conditions, 
   please see the device datasheet.



Data Sheet report:
-----------------
All values displayed in nanoseconds (ns)

Clock OSC_P123 to Pad
------------+-----------------+------------+-----------------+------------+------------------+--------+
            |Max (slowest) clk|  Process   |Min (fastest) clk|  Process   |                  | Clock  |
Destination |  (edge) to PAD  |   Corner   |  (edge) to PAD  |   Corner   |Internal Clock(s) | Phase  |
------------+-----------------+------------+-----------------+------------+------------------+--------+
CM0_P44     |         9.205(R)|      SLOW  |         4.836(R)|      FAST  |OSC_P123_BUFGP    |   0.000|
CM1_P43     |         8.933(R)|      SLOW  |         4.712(R)|      FAST  |OSC_P123_BUFGP    |   0.000|
CM2_P33     |         8.950(R)|      SLOW  |         4.688(R)|      FAST  |OSC_P123_BUFGP    |   0.000|
a_P41       |        10.968(R)|      SLOW  |         5.175(R)|      FAST  |OSC_P123_BUFGP    |   0.000|
b_P40       |        11.212(R)|      SLOW  |         5.297(R)|      FAST  |OSC_P123_BUFGP    |   0.000|
c_P35       |        10.868(R)|      SLOW  |         4.887(R)|      FAST  |OSC_P123_BUFGP    |   0.000|
d_P34       |        11.451(R)|      SLOW  |         4.965(R)|      FAST  |OSC_P123_BUFGP    |   0.000|
e__P32      |        10.875(R)|      SLOW  |         4.936(R)|      FAST  |OSC_P123_BUFGP    |   0.000|
f_P29       |        10.336(R)|      SLOW  |         4.446(R)|      FAST  |OSC_P123_BUFGP    |   0.000|
g_P27       |        10.220(R)|      SLOW  |         4.564(R)|      FAST  |OSC_P123_BUFGP    |   0.000|
------------+-----------------+------------+-----------------+------------+------------------+--------+

Clock to Setup on destination clock OSC_P123
---------------+---------+---------+---------+---------+
               | Src:Rise| Src:Fall| Src:Rise| Src:Fall|
Source Clock   |Dest:Rise|Dest:Rise|Dest:Fall|Dest:Fall|
---------------+---------+---------+---------+---------+
OSC_P123       |    1.262|         |         |         |
---------------+---------+---------+---------+---------+

Pad to Pad
---------------+---------------+---------+
Source Pad     |Destination Pad|  Delay  |
---------------+---------------+---------+
DIP1_P112      |BUZZER_P83     |    9.588|
DIP1_P112      |a_P41          |   12.411|
DIP1_P112      |b_P40          |   12.643|
DIP1_P112      |c_P35          |   12.410|
DIP1_P112      |d_P34          |   12.439|
DIP1_P112      |e__P32         |   12.197|
DIP1_P112      |f_P29          |   11.302|
DIP1_P112      |g_P27          |   11.692|
DIP2_P111      |BUZZER_P83     |   10.419|
DIP2_P111      |a_P41          |   13.499|
DIP2_P111      |b_P40          |   13.706|
DIP2_P111      |c_P35          |   12.689|
DIP2_P111      |d_P34          |   13.189|
DIP2_P111      |e__P32         |   13.233|
DIP2_P111      |f_P29          |   12.162|
DIP2_P111      |g_P27          |   12.524|
DIP3_P105      |BUZZER_P83     |   10.086|
DIP3_P105      |a_P41          |   12.909|
DIP3_P105      |b_P40          |   13.141|
DIP3_P105      |c_P35          |   12.908|
DIP3_P105      |d_P34          |   12.937|
DIP3_P105      |e__P32         |   12.695|
DIP3_P105      |f_P29          |   11.800|
DIP3_P105      |g_P27          |   12.190|
DIP4_P104      |BUZZER_P83     |   10.131|
DIP4_P104      |a_P41          |   12.954|
DIP4_P104      |b_P40          |   13.186|
DIP4_P104      |c_P35          |   12.953|
DIP4_P104      |d_P34          |   12.982|
DIP4_P104      |e__P32         |   12.740|
DIP4_P104      |f_P29          |   11.845|
DIP4_P104      |g_P27          |   12.235|
DIP5_P102      |BUZZER_P83     |   10.344|
DIP5_P102      |a_P41          |   13.167|
DIP5_P102      |b_P40          |   13.399|
DIP5_P102      |c_P35          |   13.166|
DIP5_P102      |d_P34          |   13.195|
DIP5_P102      |e__P32         |   12.953|
DIP5_P102      |f_P29          |   12.058|
DIP5_P102      |g_P27          |   12.448|
DIP6_P101      |BUZZER_P83     |   11.265|
DIP6_P101      |a_P41          |   14.088|
DIP6_P101      |b_P40          |   14.320|
DIP6_P101      |c_P35          |   14.087|
DIP6_P101      |d_P34          |   14.116|
DIP6_P101      |e__P32         |   13.874|
DIP6_P101      |f_P29          |   12.979|
DIP6_P101      |g_P27          |   13.369|
DIP7_P100      |BUZZER_P83     |   11.304|
DIP7_P100      |a_P41          |   14.127|
DIP7_P100      |b_P40          |   14.359|
DIP7_P100      |c_P35          |   14.126|
DIP7_P100      |d_P34          |   14.155|
DIP7_P100      |e__P32         |   13.913|
DIP7_P100      |f_P29          |   13.018|
DIP7_P100      |g_P27          |   13.408|
DIP8_P99       |BUZZER_P83     |   10.916|
DIP8_P99       |a_P41          |   13.739|
DIP8_P99       |b_P40          |   13.971|
DIP8_P99       |c_P35          |   13.738|
DIP8_P99       |d_P34          |   13.767|
DIP8_P99       |e__P32         |   13.525|
DIP8_P99       |f_P29          |   12.630|
DIP8_P99       |g_P27          |   13.020|
SW0_P66        |BUZZER_P83     |   11.149|
SW0_P66        |a_P41          |   13.972|
SW0_P66        |b_P40          |   14.204|
SW0_P66        |c_P35          |   13.971|
SW0_P66        |d_P34          |   14.000|
SW0_P66        |e__P32         |   13.758|
SW0_P66        |f_P29          |   12.863|
SW0_P66        |g_P27          |   13.253|
SW1_P62        |BUZZER_P83     |   11.024|
SW1_P62        |a_P41          |   13.847|
SW1_P62        |b_P40          |   14.079|
SW1_P62        |c_P35          |   13.846|
SW1_P62        |d_P34          |   13.875|
SW1_P62        |e__P32         |   13.633|
SW1_P62        |f_P29          |   12.738|
SW1_P62        |g_P27          |   13.128|
SW2_P61        |BUZZER_P83     |   11.029|
SW2_P61        |a_P41          |   13.852|
SW2_P61        |b_P40          |   14.084|
SW2_P61        |c_P35          |   13.851|
SW2_P61        |d_P34          |   13.880|
SW2_P61        |e__P32         |   13.638|
SW2_P61        |f_P29          |   12.743|
SW2_P61        |g_P27          |   13.133|
SW3_P59        |BUZZER_P83     |   10.099|
SW3_P59        |a_P41          |   12.922|
SW3_P59        |b_P40          |   13.154|
SW3_P59        |c_P35          |   12.921|
SW3_P59        |d_P34          |   12.950|
SW3_P59        |e__P32         |   12.708|
SW3_P59        |f_P29          |   11.813|
SW3_P59        |g_P27          |   12.203|
SW4_P58        |BUZZER_P83     |    9.680|
SW4_P58        |a_P41          |   12.503|
SW4_P58        |b_P40          |   12.735|
SW4_P58        |c_P35          |   12.502|
SW4_P58        |d_P34          |   12.531|
SW4_P58        |e__P32         |   12.289|
SW4_P58        |f_P29          |   11.394|
SW4_P58        |g_P27          |   11.784|
SW5_P57        |BUZZER_P83     |    9.530|
SW5_P57        |a_P41          |   12.353|
SW5_P57        |b_P40          |   12.585|
SW5_P57        |c_P35          |   12.352|
SW5_P57        |d_P34          |   12.381|
SW5_P57        |e__P32         |   12.139|
SW5_P57        |f_P29          |   11.244|
SW5_P57        |g_P27          |   11.634|
SW6_P56        |BUZZER_P83     |    9.949|
SW6_P56        |a_P41          |   13.029|
SW6_P56        |b_P40          |   13.236|
SW6_P56        |c_P35          |   12.219|
SW6_P56        |d_P34          |   12.719|
SW6_P56        |e__P32         |   12.763|
SW6_P56        |f_P29          |   11.692|
SW6_P56        |g_P27          |   12.054|
SW7_P55        |BUZZER_P83     |    8.770|
SW7_P55        |a_P41          |   11.593|
SW7_P55        |b_P40          |   11.825|
SW7_P55        |c_P35          |   11.592|
SW7_P55        |d_P34          |   11.621|
SW7_P55        |e__P32         |   11.379|
SW7_P55        |f_P29          |   10.484|
SW7_P55        |g_P27          |   10.874|
---------------+---------------+---------+


Analysis completed Wed Oct 26 15:32:25 2022 
--------------------------------------------------------------------------------

Trace Settings:
-------------------------
Trace Settings 

Peak Memory Usage: 4571 MB



