Release 14.7 - xst P.20131013 (nt64)
Copyright (c) 1995-2013 Xilinx, Inc.  All rights reserved.
--> Parameter TMPDIR set to xst/projnav.tmp


Total REAL time to Xst completion: 0.00 secs
Total CPU time to Xst completion: 0.06 secs
 
--> Parameter xsthdpdir set to xst


Total REAL time to Xst completion: 0.00 secs
Total CPU time to Xst completion: 0.06 secs
 
--> Reading design: lab8Adder.prj

TABLE OF CONTENTS
  1) Synthesis Options Summary
  2) HDL Parsing
  3) HDL Elaboration
  4) HDL Synthesis
       4.1) HDL Synthesis Report
  5) Advanced HDL Synthesis
       5.1) Advanced HDL Synthesis Report
  6) Low Level Synthesis
  7) Partition Report
  8) Design Summary
       8.1) Primitive and Black Box Usage
       8.2) Device utilization summary
       8.3) Partition Resource Summary
       8.4) Timing Report
            8.4.1) Clock Information
            8.4.2) Asynchronous Control Signals Information
            8.4.3) Timing Summary
            8.4.4) Timing Details
            8.4.5) Cross Clock Domains Report


=========================================================================
*                      Synthesis Options Summary                        *
=========================================================================
---- Source Parameters
Input File Name                    : "lab8Adder.prj"
Ignore Synthesis Constraint File   : NO

---- Target Parameters
Output File Name                   : "lab8Adder"
Output Format                      : NGC
Target Device                      : xc6slx9-3-tqg144

---- Source Options
Top Module Name                    : lab8Adder
Automatic FSM Extraction           : YES
FSM Encoding Algorithm             : Auto
Safe Implementation                : No
FSM Style                          : LUT
RAM Extraction                     : Yes
RAM Style                          : Auto
ROM Extraction                     : Yes
Shift Register Extraction          : YES
ROM Style                          : Auto
Resource Sharing                   : YES
Asynchronous To Synchronous        : NO
Shift Register Minimum Size        : 2
Use DSP Block                      : Auto
Automatic Register Balancing       : No

---- Target Options
LUT Combining                      : Auto
Reduce Control Sets                : Auto
Add IO Buffers                     : YES
Global Maximum Fanout              : 100000
Add Generic Clock Buffer(BUFG)     : 16
Register Duplication               : YES
Optimize Instantiated Primitives   : NO
Use Clock Enable                   : Auto
Use Synchronous Set                : Auto
Use Synchronous Reset              : Auto
Pack IO Registers into IOBs        : Auto
Equivalent register Removal        : YES

---- General Options
Optimization Goal                  : Speed
Optimization Effort                : 1
Power Reduction                    : NO
Keep Hierarchy                     : No
Netlist Hierarchy                  : As_Optimized
RTL Output                         : Yes
Global Optimization                : AllClockNets
Read Cores                         : YES
Write Timing Constraints           : NO
Cross Clock Analysis               : NO
Hierarchy Separator                : /
Bus Delimiter                      : <>
Case Specifier                     : Maintain
Slice Utilization Ratio            : 100
BRAM Utilization Ratio             : 100
DSP48 Utilization Ratio            : 100
Auto BRAM Packing                  : NO
Slice Utilization Ratio Delta      : 5

=========================================================================


=========================================================================
*                          HDL Parsing                                  *
=========================================================================
Analyzing Verilog file "E:\lab8\mux8to4.vf" into library work
Parsing module <mux8to4>.
Analyzing Verilog file "E:\lab8\sevseg.vf" into library work
Parsing module <OR6_HXILINX_sevseg>.
Parsing module <sevseg>.
Analyzing Verilog file "E:\lab8\MUX4_1.vf" into library work
Parsing module <mux8to4_MUSER_MUX4_1>.
Parsing module <MUX4_1>.
Analyzing Verilog file "E:\lab8\lab8Adder.vf" into library work
Parsing module <ADD4_HXILINX_lab8Adder>.
Parsing module <NOR9_HXILINX_lab8Adder>.
Parsing module <OR6_HXILINX_lab8Adder>.
Parsing module <D2_4E_HXILINX_lab8Adder>.
Parsing module <CB2CE_HXILINX_lab8Adder>.
Parsing module <sevseg_MUSER_lab8Adder>.
Parsing module <mux8to4_MUSER_lab8Adder>.
Parsing module <MUX4_1_MUSER_lab8Adder>.
Parsing module <lab8Adder>.

=========================================================================
*                            HDL Elaboration                            *
=========================================================================

Elaborating module <lab8Adder>.

Elaborating module <ADD4_HXILINX_lab8Adder>.

Elaborating module <MUX4_1_MUSER_lab8Adder>.

Elaborating module <mux8to4_MUSER_lab8Adder>.

Elaborating module <OR2>.

Elaborating module <AND3>.

Elaborating module <INV>.

Elaborating module <GND>.

Elaborating module <CB2CE_HXILINX_lab8Adder>.
WARNING:HDLCompiler:413 - "E:\lab8\lab8Adder.vf" Line 142: Result of 3-bit expression is truncated to fit in 2-bit target.

Elaborating module <VCC>.

Elaborating module <D2_4E_HXILINX_lab8Adder>.

Elaborating module <NOR9_HXILINX_lab8Adder>.

Elaborating module <sevseg_MUSER_lab8Adder>.

Elaborating module <OR6_HXILINX_lab8Adder>.

Elaborating module <AND2>.

Elaborating module <OR5>.

Elaborating module <OR4>.
WARNING:HDLCompiler:552 - "E:\lab8\lab8Adder.vf" Line 787: Input port CI is not connected on this instance

=========================================================================
*                           HDL Synthesis                               *
=========================================================================

Synthesizing Unit <lab8Adder>.
    Related source file is "E:\lab8\lab8Adder.vf".
    Set property "HU_SET = XLXI_1_3" for instance <XLXI_1>.
    Set property "HU_SET = XLXI_2_2" for instance <XLXI_2>.
    Set property "HU_SET = XLXI_6_1" for instance <XLXI_6>.
    Set property "HU_SET = XLXI_15_4" for instance <XLXI_15>.
    Set property "HU_SET = XLXI_22_5" for instance <XLXI_22>.
WARNING:Xst:2898 - Port 'CI', unconnected in block instance 'XLXI_1', is tied to GND.
INFO:Xst:3210 - "E:\lab8\lab8Adder.vf" line 787: Output port <OFL> of the instance <XLXI_1> is unconnected or connected to loadless signal.
INFO:Xst:3210 - "E:\lab8\lab8Adder.vf" line 803: Output port <OFL> of the instance <XLXI_2> is unconnected or connected to loadless signal.
INFO:Xst:3210 - "E:\lab8\lab8Adder.vf" line 834: Output port <CEO> of the instance <XLXI_6> is unconnected or connected to loadless signal.
INFO:Xst:3210 - "E:\lab8\lab8Adder.vf" line 834: Output port <TC> of the instance <XLXI_6> is unconnected or connected to loadless signal.
INFO:Xst:3210 - "E:\lab8\lab8Adder.vf" line 844: Output port <D3> of the instance <XLXI_15> is unconnected or connected to loadless signal.
    Summary:
	no macro.
Unit <lab8Adder> synthesized.

Synthesizing Unit <ADD4_HXILINX_lab8Adder>.
    Related source file is "E:\lab8\lab8Adder.vf".
    Found 5-bit adder for signal <n0019> created at line 43.
    Found 5-bit adder for signal <n0011> created at line 43.
    Summary:
	inferred   2 Adder/Subtractor(s).
Unit <ADD4_HXILINX_lab8Adder> synthesized.

Synthesizing Unit <MUX4_1_MUSER_lab8Adder>.
    Related source file is "E:\lab8\lab8Adder.vf".
    Summary:
	no macro.
Unit <MUX4_1_MUSER_lab8Adder> synthesized.

Synthesizing Unit <mux8to4_MUSER_lab8Adder>.
    Related source file is "E:\lab8\lab8Adder.vf".
    Summary:
	no macro.
Unit <mux8to4_MUSER_lab8Adder> synthesized.

Synthesizing Unit <CB2CE_HXILINX_lab8Adder>.
    Related source file is "E:\lab8\lab8Adder.vf".
    Found 1-bit register for signal <Q1>.
    Found 1-bit register for signal <Q0>.
    Found 2-bit adder for signal <Q1_GND_9_o_add_0_OUT> created at line 142.
    Summary:
	inferred   1 Adder/Subtractor(s).
	inferred   2 D-type flip-flop(s).
Unit <CB2CE_HXILINX_lab8Adder> synthesized.

Synthesizing Unit <D2_4E_HXILINX_lab8Adder>.
    Related source file is "E:\lab8\lab8Adder.vf".
    Summary:
	inferred   4 Multiplexer(s).
Unit <D2_4E_HXILINX_lab8Adder> synthesized.

Synthesizing Unit <NOR9_HXILINX_lab8Adder>.
    Related source file is "E:\lab8\lab8Adder.vf".
    Summary:
	no macro.
Unit <NOR9_HXILINX_lab8Adder> synthesized.

Synthesizing Unit <sevseg_MUSER_lab8Adder>.
    Related source file is "E:\lab8\lab8Adder.vf".
    Set property "HU_SET = XLXI_1_0" for instance <XLXI_1>.
    Summary:
	no macro.
Unit <sevseg_MUSER_lab8Adder> synthesized.

Synthesizing Unit <OR6_HXILINX_lab8Adder>.
    Related source file is "E:\lab8\lab8Adder.vf".
    Summary:
	no macro.
Unit <OR6_HXILINX_lab8Adder> synthesized.

=========================================================================
HDL Synthesis Report

Macro Statistics
# Adders/Subtractors                                   : 5
 2-bit adder                                           : 1
 5-bit adder                                           : 4
# Registers                                            : 2
 1-bit register                                        : 2
# Multiplexers                                         : 4
 1-bit 2-to-1 multiplexer                              : 4

=========================================================================

=========================================================================
*                       Advanced HDL Synthesis                          *
=========================================================================


=========================================================================
Advanced HDL Synthesis Report

Macro Statistics
# Adders/Subtractors                                   : 3
 2-bit adder                                           : 1
 5-bit adder carry in                                  : 2
# Registers                                            : 2
 Flip-Flops                                            : 2
# Multiplexers                                         : 4
 1-bit 2-to-1 multiplexer                              : 4

=========================================================================

=========================================================================
*                         Low Level Synthesis                           *
=========================================================================

Optimizing unit <lab8Adder> ...

Optimizing unit <mux8to4_MUSER_lab8Adder> ...

Optimizing unit <sevseg_MUSER_lab8Adder> ...

Optimizing unit <ADD4_HXILINX_lab8Adder> ...

Optimizing unit <CB2CE_HXILINX_lab8Adder> ...

Optimizing unit <NOR9_HXILINX_lab8Adder> ...

Optimizing unit <D2_4E_HXILINX_lab8Adder> ...

Optimizing unit <OR6_HXILINX_lab8Adder> ...

Mapping all equations...
Building and optimizing final netlist ...
Found area constraint ratio of 100 (+ 5) on block lab8Adder, actual ratio is 0.

Final Macro Processing ...

=========================================================================
Final Register Report

Macro Statistics
# Registers                                            : 2
 Flip-Flops                                            : 2

=========================================================================

=========================================================================
*                           Partition Report                            *
=========================================================================

Partition Implementation Status
-------------------------------

  No Partitions were found in this design.

-------------------------------

=========================================================================
*                            Design Summary                             *
=========================================================================

Top Level Output File Name         : lab8Adder.ngc

Primitive and Black Box Usage:
------------------------------
# BELS                             : 156
#      AND2                        : 24
#      AND3                        : 35
#      GND                         : 1
#      INV                         : 56
#      LUT2                        : 7
#      LUT3                        : 3
#      LUT4                        : 2
#      LUT5                        : 4
#      LUT6                        : 5
#      OR2                         : 12
#      OR4                         : 1
#      OR5                         : 5
#      VCC                         : 1
# FlipFlops/Latches                : 2
#      FDCE                        : 2
# Clock Buffers                    : 1
#      BUFGP                       : 1
# IO Buffers                       : 28
#      IBUF                        : 16
#      OBUF                        : 12

Device utilization summary:
---------------------------

Selected Device : 6slx9tqg144-3 


Slice Logic Utilization: 
 Number of Slice Registers:               2  out of  11440     0%  
 Number of Slice LUTs:                   77  out of   5720     1%  
    Number used as Logic:                77  out of   5720     1%  

Slice Logic Distribution: 
 Number of LUT Flip Flop pairs used:     78
   Number with an unused Flip Flop:      76  out of     78    97%  
   Number with an unused LUT:             1  out of     78     1%  
   Number of fully used LUT-FF pairs:     1  out of     78     1%  
   Number of unique control sets:         1

IO Utilization: 
 Number of IOs:                          29
 Number of bonded IOBs:                  29  out of    102    28%  

Specific Feature Utilization:
 Number of BUFG/BUFGCTRLs:                1  out of     16     6%  

---------------------------
Partition Resource Summary:
---------------------------

  No Partitions were found in this design.

---------------------------


=========================================================================
Timing Report

NOTE: THESE TIMING NUMBERS ARE ONLY A SYNTHESIS ESTIMATE.
      FOR ACCURATE TIMING INFORMATION PLEASE REFER TO THE TRACE REPORT
      GENERATED AFTER PLACE-and-ROUTE.

Clock Information:
------------------
-----------------------------------+------------------------+-------+
Clock Signal                       | Clock buffer(FF name)  | Load  |
-----------------------------------+------------------------+-------+
OSC_P123                           | BUFGP                  | 2     |
-----------------------------------+------------------------+-------+

Asynchronous Control Signals Information:
----------------------------------------
No asynchronous control signals found in this design

Timing Summary:
---------------
Speed Grade: -3

   Minimum period: 2.106ns (Maximum Frequency: 474.721MHz)
   Minimum input arrival time before clock: No path found
   Maximum output required time after clock: 14.905ns
   Maximum combinational path delay: 16.709ns

Timing Details:
---------------
All values displayed in nanoseconds (ns)

=========================================================================
Timing constraint: Default period analysis for Clock 'OSC_P123'
  Clock period: 2.106ns (frequency: 474.721MHz)
  Total number of paths / destination ports: 3 / 2
-------------------------------------------------------------------------
Delay:               2.106ns (Levels of Logic = 1)
  Source:            XLXI_6/Q0 (FF)
  Destination:       XLXI_6/Q0 (FF)
  Source Clock:      OSC_P123 rising
  Destination Clock: OSC_P123 rising

  Data Path: XLXI_6/Q0 to XLXI_6/Q0
                                Gate     Net
    Cell:in->out      fanout   Delay   Delay  Logical Name (Net Name)
    ----------------------------------------  ------------
     FDCE:C->Q             7   0.447   0.773  Q0 (Q0)
     INV:I->O              1   0.206   0.579  Madd_Q1_GND_9_o_add_0_OUT_xor<0>11_INV_0 (Q1_GND_9_o_add_0_OUT<0>)
     FDCE:D                    0.102          Q0
    ----------------------------------------
    Total                      2.106ns (0.755ns logic, 1.352ns route)
                                       (35.8% logic, 64.2% route)

=========================================================================
Timing constraint: Default OFFSET OUT AFTER for Clock 'OSC_P123'
  Total number of paths / destination ports: 492 / 10
-------------------------------------------------------------------------
Offset:              14.905ns (Levels of Logic = 12)
  Source:            XLXI_6/Q0 (FF)
  Destination:       a_P41 (PAD)
  Source Clock:      OSC_P123 rising

  Data Path: XLXI_6/Q0 to a_P41
                                Gate     Net
    Cell:in->out      fanout   Delay   Delay  Logical Name (Net Name)
    ----------------------------------------  ------------
     FDCE:C->Q             7   0.447   0.773  Q0 (Q0)
     end scope: 'XLXI_6:Q0'
     INV:I->O              5   0.568   0.714  XLXI_3/XLXI_1/XLXI_27 (XLXI_3/XLXI_1/XLXN_28)
     INV:I->O              4   0.568   1.048  XLXI_3/XLXI_1/XLXI_28 (XLXI_3/XLXI_1/XLXN_29)
     AND3:I0->O            1   0.203   0.944  XLXI_3/XLXI_1/XLXI_25 (XLXI_3/XLXI_1/XLXN_9)
     OR2:I0->O             1   0.203   0.827  XLXI_3/XLXI_1/XLXI_17 (XLXI_3/XLXN_7)
     AND3:I2->O            1   0.320   0.924  XLXI_3/XLXI_3/XLXI_24 (XLXI_3/XLXI_3/XLXN_8)
     OR2:I1->O            22   0.223   1.133  XLXI_3/XLXI_3/XLXI_17 (XLXN_28)
     INV:I->O              1   0.568   0.924  XLXI_23/XLXI_18 (XLXI_23/XLXN_13)
     AND2:I1->O            1   0.223   0.944  XLXI_23/XLXI_2 (XLXI_23/XLXN_6)
     begin scope: 'XLXI_23/XLXI_1:I4'
     LUT6:I0->O            1   0.203   0.579  O1 (O)
     end scope: 'XLXI_23/XLXI_1:O'
     OBUF:I->O                 2.571          a_P41_OBUF (a_P41)
    ----------------------------------------
    Total                     14.905ns (6.097ns logic, 8.808ns route)
                                       (40.9% logic, 59.1% route)

=========================================================================
Timing constraint: Default path analysis
  Total number of paths / destination ports: 1889 / 8
-------------------------------------------------------------------------
Delay:               16.709ns (Levels of Logic = 16)
  Source:            SW2_P61 (PAD)
  Destination:       a_P41 (PAD)

  Data Path: SW2_P61 to a_P41
                                Gate     Net
    Cell:in->out      fanout   Delay   Delay  Logical Name (Net Name)
    ----------------------------------------  ------------
     IBUF:I->O             2   1.222   0.981  SW2_P61_IBUF (SW2_P61_IBUF)
     begin scope: 'XLXI_1:A2'
     LUT6:I0->O            2   0.203   0.617  Madd_n0011_Madd_cy<2>11 (Madd_n0011_Madd_cy<2>)
     LUT3:I2->O            4   0.205   0.684  Madd_n0011_Madd_cy<3>11 (CO)
     end scope: 'XLXI_1:CO'
     begin scope: 'XLXI_2:CI'
     LUT5:I4->O            2   0.205   0.617  Madd_n0011_Madd_cy<2>11 (Madd_n0011_Madd_cy<2>1)
     LUT5:I4->O            2   0.205   0.864  Madd_n0011_Madd_xor<3>11 (S3)
     end scope: 'XLXI_2:S3'
     AND3:I2->O            1   0.320   0.944  XLXI_3/XLXI_1/XLXI_25 (XLXI_3/XLXI_1/XLXN_9)
     OR2:I0->O             1   0.203   0.827  XLXI_3/XLXI_1/XLXI_17 (XLXI_3/XLXN_7)
     AND3:I2->O            1   0.320   0.924  XLXI_3/XLXI_3/XLXI_24 (XLXI_3/XLXI_3/XLXN_8)
     OR2:I1->O            22   0.223   1.133  XLXI_3/XLXI_3/XLXI_17 (XLXN_28)
     INV:I->O              1   0.568   0.924  XLXI_23/XLXI_18 (XLXI_23/XLXN_13)
     AND2:I1->O            1   0.223   0.944  XLXI_23/XLXI_2 (XLXI_23/XLXN_6)
     begin scope: 'XLXI_23/XLXI_1:I4'
     LUT6:I0->O            1   0.203   0.579  O1 (O)
     end scope: 'XLXI_23/XLXI_1:O'
     OBUF:I->O                 2.571          a_P41_OBUF (a_P41)
    ----------------------------------------
    Total                     16.709ns (6.671ns logic, 10.038ns route)
                                       (39.9% logic, 60.1% route)

=========================================================================

Cross Clock Domains Report:
--------------------------

Clock to Setup on destination clock OSC_P123
---------------+---------+---------+---------+---------+
               | Src:Rise| Src:Fall| Src:Rise| Src:Fall|
Source Clock   |Dest:Rise|Dest:Rise|Dest:Fall|Dest:Fall|
---------------+---------+---------+---------+---------+
OSC_P123       |    2.106|         |         |         |
---------------+---------+---------+---------+---------+

=========================================================================


Total REAL time to Xst completion: 4.00 secs
Total CPU time to Xst completion: 3.58 secs
 
--> 

Total memory usage is 4485796 kilobytes

Number of errors   :    0 (   0 filtered)
Number of warnings :    3 (   0 filtered)
Number of infos    :    5 (   0 filtered)

