#-----------------------------------------------------------
# PlanAhead v14.7
# Build 321239 by xbuild on Fri Sep 27 19:31:35 MDT 2013
# Start of session at: Mon Oct 03 15:05:52 2022
# Process ID: 4776
# Log file: E:/JK_LAB5/planAhead_run_4/planAhead.log
# Journal file: E:/JK_LAB5/planAhead_run_4/planAhead.jou
#-----------------------------------------------------------
INFO: [Common 17-78] Attempting to get a license: PlanAhead
INFO: [Common 17-290] Got license for PlanAhead
INFO: [Device 21-36] Loading parts and site information from C:/Xilinx/14.7/ISE_DS/PlanAhead/data/parts/arch.xml
Parsing RTL primitives file [C:/Xilinx/14.7/ISE_DS/PlanAhead/data/parts/xilinx/rtl/prims/rtl_prims.xml]
Finished parsing RTL primitives file [C:/Xilinx/14.7/ISE_DS/PlanAhead/data/parts/xilinx/rtl/prims/rtl_prims.xml]
start_gui
source E:/JK_LAB5/pa.fromNetlist.tcl
# create_project -name JK_LAB5 -dir "E:/JK_LAB5/planAhead_run_4" -part xc6slx9tqg144-3
# set_property design_mode GateLvl [get_property srcset [current_run -impl]]
# set_property edif_top_file "E:/JK_LAB5/JK.ngc" [ get_property srcset [ current_run ] ]
# add_files -norecurse { {E:/JK_LAB5} }
# set_param project.pinAheadLayout  yes
# set_property target_constrs_file "E:/JK_LAB5/JKpin.ucf" [current_fileset -constrset]
Adding file 'E:/JK_LAB5/JKpin.ucf' to fileset 'constrs_1'
# add_files [list {JKpin.ucf}] -fileset [get_property constrset [current_run]]
# add_files [list {JK.ucf}] -fileset [get_property constrset [current_run]]
# link_design
Design is defaulting to srcset: sources_1
Design is defaulting to constrset: constrs_1
Design is defaulting to project part: xc6slx9tqg144-3
Release 14.7 - ngc2edif P.20131013 (nt)
Copyright (c) 1995-2013 Xilinx, Inc.  All rights reserved.

Release 14.7 - ngc2edif P.20131013 (nt)
Copyright (c) 1995-2013 Xilinx, Inc.  All rights reserved.
Reading design JK.ngc ...
WARNING:NetListWriters:298 - No output is written to JK.xncf, ignored.
Processing design ...
   Preping design's networks ...
   Preping design's macros ...
  finished :Prep
Writing EDIF netlist file JK.edif ...
ngc2edif: Total memory usage is 78808 kilobytes

Parsing EDIF File [./planAhead_run_4/JK_LAB5.data/cache/JK_ngc_zx.edif]
Finished Parsing EDIF File [./planAhead_run_4/JK_LAB5.data/cache/JK_ngc_zx.edif]
INFO: [Netlist 29-17] Analyzing 1 Unisim elements for replacement
INFO: [Netlist 29-28] Unisim Transformation completed in 0 CPU seconds
Loading clock regions from C:/Xilinx/14.7/ISE_DS/PlanAhead/data\parts/xilinx/spartan6/spartan6lx/xc6slx9/ClockRegion.xml
Loading clock buffers from C:/Xilinx/14.7/ISE_DS/PlanAhead/data\parts/xilinx/spartan6/spartan6lx/xc6slx9/ClockBuffers.xml
Loading package pin functions from C:/Xilinx/14.7/ISE_DS/PlanAhead/data\parts/xilinx/spartan6/PinFunctions.xml...
Loading package from C:/Xilinx/14.7/ISE_DS/PlanAhead/data\parts/xilinx/spartan6/spartan6lx/xc6slx9/tqg144/Package.xml
Loading io standards from C:/Xilinx/14.7/ISE_DS/PlanAhead/data\./parts/xilinx/spartan6/IOStandards.xml
Loading device configuration modes from C:/Xilinx/14.7/ISE_DS/PlanAhead/data\parts/xilinx/spartan6/ConfigModes.xml
Loading list of drcs for the architecture : C:/Xilinx/14.7/ISE_DS/PlanAhead/data\./parts/xilinx/spartan6/drc.xml
Parsing UCF File [E:/JK_LAB5/JKpin.ucf]
CRITICAL WARNING: [Constraints 18-5] Cannot loc instance 'XLXI_130' at site P45, Illegal to place instance XLXI_130 on site P45 [E:/JK_LAB5/JKpin.ucf:7]
Finished Parsing UCF File [E:/JK_LAB5/JKpin.ucf]
Parsing UCF File [E:/JK_LAB5/JK.ucf]
Finished Parsing UCF File [E:/JK_LAB5/JK.ucf]
INFO: [Designutils 20-20] Invalid constraints found, use command 'write_ucf -constraints invalid <file>' to save all the invalid constraints to a file
INFO: [Project 1-111] Unisim Transformation Summary:
  A total of 1 instances were transformed.
  BUFGP => BUFGP (IBUF, BUFG): 1 instances

Phase 0 | Netlist Checksum: d69cd6e0
link_design: Time (s): elapsed = 00:00:10 . Memory (MB): peak = 544.121 ; gain = 98.078
startgroup
set_property package_pin P51 [get_ports CLK_PB4_P51]
endgroup
startgroup
set_property package_pin P123 [get_ports XLXN_215]
endgroup
save_constraints
exit
ERROR: [PlanAhead 12-106] *** Exception: ui.h.b: Found deleted key in HTclEventBroker. Verify if the classes listed here call cleanup()
HTclEvent: DEBUG_PORT_CONFIG_CHANGE   Classes: ui.views.aR 
HTclEvent: DEBUG_CORE_CONFIG_CHANGE   Classes: ui.views.aR 
HTclEvent: SIGNAL_BUS_MODIFY   Classes: ui.views.aR 
HTclEvent: SIGNAL_MODIFY   Classes: ui.views.aR 
 (See E:/JK_LAB5\planAhead_pid4776.debug)
ERROR: [Common 17-39] 'stop_gui' failed due to earlier errors.
INFO: [Common 17-206] Exiting PlanAhead at Mon Oct 03 15:07:57 2022...
INFO: [Common 17-83] Releasing license: PlanAhead
