--------------------------------------------------------------------------------
Release 14.7 Trace  (nt64)
Copyright (c) 1995-2013 Xilinx, Inc.  All rights reserved.

C:\Xilinx\14.7\ISE_DS\ISE\bin\nt64\unwrapped\trce.exe -intstyle ise -v 3 -s 3
-n 3 -fastpaths -xml lab8Adder.twx lab8Adder.ncd -o lab8Adder.twr lab8Adder.pcf
-ucf lab8Adder.ucf

Design file:              lab8Adder.ncd
Physical constraint file: lab8Adder.pcf
Device,package,speed:     xc6slx9,tqg144,C,-3 (PRODUCTION 1.23 2013-10-13)
Report level:             verbose report

Environment Variable      Effect 
--------------------      ------ 
NONE                      No environment variables were set
--------------------------------------------------------------------------------

INFO:Timing:2698 - No timing constraints found, doing default enumeration.
INFO:Timing:3412 - To improve timing, see the Timing Closure User Guide (UG612).
INFO:Timing:2752 - To get complete path coverage, use the unconstrained paths 
   option. All paths that are not constrained will be reported in the 
   unconstrained paths section(s) of the report.
INFO:Timing:3339 - The clock-to-out numbers in this timing report are based on 
   a 50 Ohm transmission line loading model.  For the details of this model, 
   and for more information on accounting for different loading conditions, 
   please see the device datasheet.



Data Sheet report:
-----------------
All values displayed in nanoseconds (ns)

Clock OSC_P123 to Pad
------------+-----------------+------------+-----------------+------------+------------------+--------+
            |Max (slowest) clk|  Process   |Min (fastest) clk|  Process   |                  | Clock  |
Destination |  (edge) to PAD  |   Corner   |  (edge) to PAD  |   Corner   |Internal Clock(s) | Phase  |
------------+-----------------+------------+-----------------+------------+------------------+--------+
CM0_P44     |         8.946(R)|      SLOW  |         4.721(R)|      FAST  |OSC_P123_BUFGP    |   0.000|
CM1_P43     |         9.274(R)|      SLOW  |         4.790(R)|      FAST  |OSC_P123_BUFGP    |   0.000|
CM2_P33     |         9.041(R)|      SLOW  |         4.619(R)|      FAST  |OSC_P123_BUFGP    |   0.000|
a_P41       |        11.047(R)|      SLOW  |         5.027(R)|      FAST  |OSC_P123_BUFGP    |   0.000|
b_P40       |        12.167(R)|      SLOW  |         5.400(R)|      FAST  |OSC_P123_BUFGP    |   0.000|
c_P35       |        11.048(R)|      SLOW  |         4.920(R)|      FAST  |OSC_P123_BUFGP    |   0.000|
d_P34       |        11.669(R)|      SLOW  |         5.226(R)|      FAST  |OSC_P123_BUFGP    |   0.000|
e__P32      |        11.234(R)|      SLOW  |         4.952(R)|      FAST  |OSC_P123_BUFGP    |   0.000|
f_P29       |        10.945(R)|      SLOW  |         4.626(R)|      FAST  |OSC_P123_BUFGP    |   0.000|
g_P27       |        10.738(R)|      SLOW  |         4.555(R)|      FAST  |OSC_P123_BUFGP    |   0.000|
------------+-----------------+------------+-----------------+------------+------------------+--------+

Clock to Setup on destination clock OSC_P123
---------------+---------+---------+---------+---------+
               | Src:Rise| Src:Fall| Src:Rise| Src:Fall|
Source Clock   |Dest:Rise|Dest:Rise|Dest:Fall|Dest:Fall|
---------------+---------+---------+---------+---------+
OSC_P123       |    1.086|         |         |         |
---------------+---------+---------+---------+---------+

Pad to Pad
---------------+---------------+---------+
Source Pad     |Destination Pad|  Delay  |
---------------+---------------+---------+
DIP1_P112      |BUZZER_P83     |    9.826|
DIP1_P112      |a_P41          |   12.086|
DIP1_P112      |b_P40          |   12.850|
DIP1_P112      |c_P35          |   11.816|
DIP1_P112      |d_P34          |   12.460|
DIP1_P112      |e__P32         |   11.905|
DIP1_P112      |f_P29          |   11.586|
DIP1_P112      |g_P27          |   11.379|
DIP2_P111      |BUZZER_P83     |   10.096|
DIP2_P111      |a_P41          |   13.275|
DIP2_P111      |b_P40          |   13.470|
DIP2_P111      |c_P35          |   12.580|
DIP2_P111      |d_P34          |   13.148|
DIP2_P111      |e__P32         |   12.901|
DIP2_P111      |f_P29          |   12.500|
DIP2_P111      |g_P27          |   12.293|
DIP3_P105      |BUZZER_P83     |   10.486|
DIP3_P105      |a_P41          |   12.746|
DIP3_P105      |b_P40          |   13.510|
DIP3_P105      |c_P35          |   12.476|
DIP3_P105      |d_P34          |   13.120|
DIP3_P105      |e__P32         |   12.565|
DIP3_P105      |f_P29          |   12.246|
DIP3_P105      |g_P27          |   12.039|
DIP4_P104      |BUZZER_P83     |   10.461|
DIP4_P104      |a_P41          |   12.721|
DIP4_P104      |b_P40          |   13.485|
DIP4_P104      |c_P35          |   12.451|
DIP4_P104      |d_P34          |   13.095|
DIP4_P104      |e__P32         |   12.540|
DIP4_P104      |f_P29          |   12.221|
DIP4_P104      |g_P27          |   12.014|
DIP5_P102      |BUZZER_P83     |   10.604|
DIP5_P102      |a_P41          |   12.864|
DIP5_P102      |b_P40          |   13.628|
DIP5_P102      |c_P35          |   12.594|
DIP5_P102      |d_P34          |   13.238|
DIP5_P102      |e__P32         |   12.683|
DIP5_P102      |f_P29          |   12.364|
DIP5_P102      |g_P27          |   12.157|
DIP6_P101      |BUZZER_P83     |   11.210|
DIP6_P101      |a_P41          |   13.470|
DIP6_P101      |b_P40          |   14.234|
DIP6_P101      |c_P35          |   13.200|
DIP6_P101      |d_P34          |   13.844|
DIP6_P101      |e__P32         |   13.289|
DIP6_P101      |f_P29          |   12.970|
DIP6_P101      |g_P27          |   12.763|
DIP7_P100      |BUZZER_P83     |   11.803|
DIP7_P100      |a_P41          |   14.063|
DIP7_P100      |b_P40          |   14.827|
DIP7_P100      |c_P35          |   13.793|
DIP7_P100      |d_P34          |   14.437|
DIP7_P100      |e__P32         |   13.882|
DIP7_P100      |f_P29          |   13.563|
DIP7_P100      |g_P27          |   13.356|
DIP8_P99       |BUZZER_P83     |   11.128|
DIP8_P99       |a_P41          |   13.388|
DIP8_P99       |b_P40          |   14.152|
DIP8_P99       |c_P35          |   13.118|
DIP8_P99       |d_P34          |   13.762|
DIP8_P99       |e__P32         |   13.207|
DIP8_P99       |f_P29          |   12.888|
DIP8_P99       |g_P27          |   12.681|
SW0_P66        |BUZZER_P83     |   11.363|
SW0_P66        |a_P41          |   13.623|
SW0_P66        |b_P40          |   14.387|
SW0_P66        |c_P35          |   13.353|
SW0_P66        |d_P34          |   13.997|
SW0_P66        |e__P32         |   13.442|
SW0_P66        |f_P29          |   13.123|
SW0_P66        |g_P27          |   12.916|
SW1_P62        |BUZZER_P83     |   11.021|
SW1_P62        |a_P41          |   13.281|
SW1_P62        |b_P40          |   14.045|
SW1_P62        |c_P35          |   13.011|
SW1_P62        |d_P34          |   13.655|
SW1_P62        |e__P32         |   13.100|
SW1_P62        |f_P29          |   12.781|
SW1_P62        |g_P27          |   12.574|
SW2_P61        |BUZZER_P83     |   11.118|
SW2_P61        |a_P41          |   13.378|
SW2_P61        |b_P40          |   14.142|
SW2_P61        |c_P35          |   13.108|
SW2_P61        |d_P34          |   13.752|
SW2_P61        |e__P32         |   13.197|
SW2_P61        |f_P29          |   12.878|
SW2_P61        |g_P27          |   12.671|
SW3_P59        |BUZZER_P83     |   10.281|
SW3_P59        |a_P41          |   12.541|
SW3_P59        |b_P40          |   13.305|
SW3_P59        |c_P35          |   12.271|
SW3_P59        |d_P34          |   12.915|
SW3_P59        |e__P32         |   12.360|
SW3_P59        |f_P29          |   12.041|
SW3_P59        |g_P27          |   11.834|
SW4_P58        |BUZZER_P83     |    9.929|
SW4_P58        |a_P41          |   12.189|
SW4_P58        |b_P40          |   12.953|
SW4_P58        |c_P35          |   11.919|
SW4_P58        |d_P34          |   12.563|
SW4_P58        |e__P32         |   12.008|
SW4_P58        |f_P29          |   11.689|
SW4_P58        |g_P27          |   11.482|
SW5_P57        |BUZZER_P83     |    9.532|
SW5_P57        |a_P41          |   11.792|
SW5_P57        |b_P40          |   12.556|
SW5_P57        |c_P35          |   11.522|
SW5_P57        |d_P34          |   12.166|
SW5_P57        |e__P32         |   11.611|
SW5_P57        |f_P29          |   11.292|
SW5_P57        |g_P27          |   11.085|
SW6_P56        |BUZZER_P83     |    9.170|
SW6_P56        |a_P41          |   12.470|
SW6_P56        |b_P40          |   12.665|
SW6_P56        |c_P35          |   11.775|
SW6_P56        |d_P34          |   12.343|
SW6_P56        |e__P32         |   12.096|
SW6_P56        |f_P29          |   11.695|
SW6_P56        |g_P27          |   11.488|
SW7_P55        |BUZZER_P83     |    8.961|
SW7_P55        |a_P41          |   11.221|
SW7_P55        |b_P40          |   11.985|
SW7_P55        |c_P35          |   10.951|
SW7_P55        |d_P34          |   11.595|
SW7_P55        |e__P32         |   11.040|
SW7_P55        |f_P29          |   10.721|
SW7_P55        |g_P27          |   10.514|
---------------+---------------+---------+


Analysis completed Sun Oct 23 14:15:40 2022 
--------------------------------------------------------------------------------

Trace Settings:
-------------------------
Trace Settings 

Peak Memory Usage: 4571 MB



