Release 14.7 - ngc2edif P.20131013 (nt)
Copyright (c) 1995-2013 Xilinx, Inc.  All rights reserved.
Reading design lab6_dice.ngc ...
WARNING:NetListWriters:298 - No output is written to lab6_dice.xncf, ignored.
Processing design ...
   Preping design's networks ...
   Preping design's macros ...
  finished :Prep
Writing EDIF netlist file lab6_dice.edif ...
ngc2edif: Total memory usage is 78492 kilobytes

Release 14.7 - ngc2edif P.20131013 (nt)
Copyright (c) 1995-2013 Xilinx, Inc.  All rights reserved.
Reading design lab6.ngc ...
WARNING:NetListWriters:298 - No output is written to lab6.xncf, ignored.
Processing design ...
   Preping design's networks ...
   Preping design's macros ...
  finished :Prep
Writing EDIF netlist file lab6.edif ...
ngc2edif: Total memory usage is 78428 kilobytes

Release 14.7 - ngc2edif P.20131013 (nt)
Copyright (c) 1995-2013 Xilinx, Inc.  All rights reserved.
Reading design lab6.ngc ...
WARNING:NetListWriters:298 - No output is written to lab6.xncf, ignored.
Processing design ...
   Preping design's networks ...
   Preping design's macros ...
  finished :Prep
Writing EDIF netlist file lab6.edif ...
ngc2edif: Total memory usage is 78364 kilobytes

Release 14.7 - ngc2edif P.20131013 (nt)
Copyright (c) 1995-2013 Xilinx, Inc.  All rights reserved.
Reading design lab6.ngc ...
WARNING:NetListWriters:298 - No output is written to lab6.xncf, ignored.
Processing design ...
   Preping design's networks ...
   Preping design's macros ...
  finished :Prep
Writing EDIF netlist file lab6.edif ...
ngc2edif: Total memory usage is 78812 kilobytes

Release 14.7 - ngc2edif P.20131013 (nt)
Copyright (c) 1995-2013 Xilinx, Inc.  All rights reserved.
Reading design lab6.ngc ...
WARNING:NetListWriters:298 - No output is written to lab6.xncf, ignored.
Processing design ...
   Preping design's networks ...
   Preping design's macros ...
  finished :Prep
Writing EDIF netlist file lab6.edif ...
ngc2edif: Total memory usage is 78300 kilobytes

