--------------------------------------------------------------------------------
Release 14.7 Trace  (nt64)
Copyright (c) 1995-2013 Xilinx, Inc.  All rights reserved.

C:\Xilinx\14.7\ISE_DS\ISE\bin\nt64\unwrapped\trce.exe -intstyle ise -v 3 -s 3
-n 3 -fastpaths -xml chooseChannel.twx chooseChannel.ncd -o chooseChannel.twr
chooseChannel.pcf -ucf chooseChannel.ucf

Design file:              chooseChannel.ncd
Physical constraint file: chooseChannel.pcf
Device,package,speed:     xc6slx9,tqg144,C,-3 (PRODUCTION 1.23 2013-10-13)
Report level:             verbose report

Environment Variable      Effect 
--------------------      ------ 
NONE                      No environment variables were set
--------------------------------------------------------------------------------

INFO:Timing:2698 - No timing constraints found, doing default enumeration.
INFO:Timing:3412 - To improve timing, see the Timing Closure User Guide (UG612).
INFO:Timing:2752 - To get complete path coverage, use the unconstrained paths 
   option. All paths that are not constrained will be reported in the 
   unconstrained paths section(s) of the report.
INFO:Timing:3339 - The clock-to-out numbers in this timing report are based on 
   a 50 Ohm transmission line loading model.  For the details of this model, 
   and for more information on accounting for different loading conditions, 
   please see the device datasheet.



Data Sheet report:
-----------------
All values displayed in nanoseconds (ns)

Clock PB1_P45 to Pad
------------+-----------------+------------+-----------------+------------+------------------+--------+
            |Max (slowest) clk|  Process   |Min (fastest) clk|  Process   |                  | Clock  |
Destination |  (edge) to PAD  |   Corner   |  (edge) to PAD  |   Corner   |Internal Clock(s) | Phase  |
------------+-----------------+------------+-----------------+------------+------------------+--------+
a_P41       |         7.930(R)|      SLOW  |         4.429(R)|      FAST  |PB1_P45_IBUF      |   0.000|
b_P40       |         7.465(R)|      SLOW  |         4.194(R)|      FAST  |PB1_P45_IBUF      |   0.000|
c_P35       |         7.742(R)|      SLOW  |         4.279(R)|      FAST  |PB1_P45_IBUF      |   0.000|
d_P34       |         7.406(R)|      SLOW  |         4.181(R)|      FAST  |PB1_P45_IBUF      |   0.000|
e_P32       |         7.681(R)|      SLOW  |         4.156(R)|      FAST  |PB1_P45_IBUF      |   0.000|
f_P29       |         8.160(R)|      SLOW  |         4.603(R)|      FAST  |PB1_P45_IBUF      |   0.000|
g_P27       |         8.416(R)|      SLOW  |         4.717(R)|      FAST  |PB1_P45_IBUF      |   0.000|
------------+-----------------+------------+-----------------+------------+------------------+--------+

Clock to Setup on destination clock PB1_P45
---------------+---------+---------+---------+---------+
               | Src:Rise| Src:Fall| Src:Rise| Src:Fall|
Source Clock   |Dest:Rise|Dest:Rise|Dest:Fall|Dest:Fall|
---------------+---------+---------+---------+---------+
PB1_P45        |    1.345|         |         |         |
---------------+---------+---------+---------+---------+


Analysis completed Tue Dec 13 11:13:49 2022 
--------------------------------------------------------------------------------

Trace Settings:
-------------------------
Trace Settings 

Peak Memory Usage: 4572 MB



