--------------------------------------------------------------------------------
Release 14.7 Trace  (nt64)
Copyright (c) 1995-2013 Xilinx, Inc.  All rights reserved.

C:\Xilinx\14.7\ISE_DS\ISE\bin\nt64\unwrapped\trce.exe -intstyle ise -v 3 -s 3
-n 3 -fastpaths -xml main_lab7_10.twx main_lab7_10.ncd -o main_lab7_10.twr
main_lab7_10.pcf -ucf main_lab7_10.ucf

Design file:              main_lab7_10.ncd
Physical constraint file: main_lab7_10.pcf
Device,package,speed:     xc6slx9,tqg144,C,-3 (PRODUCTION 1.23 2013-10-13)
Report level:             verbose report

Environment Variable      Effect 
--------------------      ------ 
NONE                      No environment variables were set
--------------------------------------------------------------------------------

INFO:Timing:2698 - No timing constraints found, doing default enumeration.
INFO:Timing:3412 - To improve timing, see the Timing Closure User Guide (UG612).
INFO:Timing:2752 - To get complete path coverage, use the unconstrained paths 
   option. All paths that are not constrained will be reported in the 
   unconstrained paths section(s) of the report.
INFO:Timing:3339 - The clock-to-out numbers in this timing report are based on 
   a 50 Ohm transmission line loading model.  For the details of this model, 
   and for more information on accounting for different loading conditions, 
   please see the device datasheet.



Data Sheet report:
-----------------
All values displayed in nanoseconds (ns)

Setup/Hold to clock OSC
------------+------------+------------+------------+------------+------------------+--------+
            |Max Setup to|  Process   |Max Hold to |  Process   |                  | Clock  |
Source      | clk (edge) |   Corner   | clk (edge) |   Corner   |Internal Clock(s) | Phase  |
------------+------------+------------+------------+------------+------------------+--------+
ResetButton |    3.068(R)|      SLOW  |   -1.524(R)|      FAST  |XLXN_4            |   0.000|
------------+------------+------------+------------+------------+------------------+--------+

Clock StartStopButton to Pad
------------+-----------------+------------+-----------------+------------+--------------------+--------+
            |Max (slowest) clk|  Process   |Min (fastest) clk|  Process   |                    | Clock  |
Destination |  (edge) to PAD  |   Corner   |  (edge) to PAD  |   Corner   |Internal Clock(s)   | Phase  |
------------+-----------------+------------+-----------------+------------+--------------------+--------+
P26         |         8.656(R)|      SLOW  |         5.008(R)|      FAST  |StartStopButton_IBUF|   0.000|
------------+-----------------+------------+-----------------+------------+--------------------+--------+

Clock to Setup on destination clock OSC
---------------+---------+---------+---------+---------+
               | Src:Rise| Src:Fall| Src:Rise| Src:Fall|
Source Clock   |Dest:Rise|Dest:Rise|Dest:Fall|Dest:Fall|
---------------+---------+---------+---------+---------+
OSC            |    2.786|         |         |         |
StartStopButton|    4.355|         |         |         |
---------------+---------+---------+---------+---------+

Clock to Setup on destination clock StartStopButton
---------------+---------+---------+---------+---------+
               | Src:Rise| Src:Fall| Src:Rise| Src:Fall|
Source Clock   |Dest:Rise|Dest:Rise|Dest:Fall|Dest:Fall|
---------------+---------+---------+---------+---------+
StartStopButton|    0.920|         |         |         |
---------------+---------+---------+---------+---------+


Analysis completed Thu Oct 20 15:22:37 2022 
--------------------------------------------------------------------------------

Trace Settings:
-------------------------
Trace Settings 

Peak Memory Usage: 4571 MB



